# JRE version: OpenJDK Runtime Environment (8.0_242-b01) (build 1.8.0_242-release-1644-b01)
# Java VM: OpenJDK 64-Bit Server VM (25.242-b01 mixed mode windows-amd64 compressed oops)
Heap:
 PSYoungGen      total 19968K, used 8507K [0x00000000d5580000, 0x00000000d6e00000, 0x0000000100000000)
  eden space 14848K, 46% used [0x00000000d5580000,0x00000000d5c46f40,0x00000000d6400000)
  from space 5120K, 30% used [0x00000000d6900000,0x00000000d6a88000,0x00000000d6e00000)
  to   space 5120K, 0% used [0x00000000d6400000,0x00000000d6400000,0x00000000d6900000)
 ParOldGen       total 42496K, used 7143K [0x0000000080000000, 0x0000000082980000, 0x00000000d5580000)
  object space 42496K, 16% used [0x0000000080000000,0x00000000806f9fc0,0x0000000082980000)
 Metaspace       used 17262K, capacity 17890K, committed 18176K, reserved 1064960K
  class space    used 2345K, capacity 2541K, committed 2560K, reserved 1048576K
GC Heap History (10 events):
Event: 32.649 GC heap before
{Heap before GC invocations=6 (full 0):
 PSYoungGen      total 18432K, used 18416K [0x00000000d5580000, 0x00000000d6d00000, 0x0000000100000000)
  eden space 15872K, 100% used [0x00000000d5580000,0x00000000d6500000,0x00000000d6500000)
  from space 2560K, 99% used [0x00000000d6500000,0x00000000d677c030,0x00000000d6780000)
  to   space 4096K, 0% used [0x00000000d6900000,0x00000000d6900000,0x00000000d6d00000)
 ParOldGen       total 42496K, used 2425K [0x0000000080000000, 0x0000000082980000, 0x00000000d5580000)
  object space 42496K, 5% used [0x0000000080000000,0x000000008025e6a8,0x0000000082980000)
 Metaspace       used 10894K, capacity 11140K, committed 11392K, reserved 1058816K
  class space    used 1440K, capacity 1542K, committed 1664K, reserved 1048576K
Event: 32.666 GC heap after
Heap after GC invocations=6 (full 0):
 PSYoungGen      total 18944K, used 4080K [0x00000000d5580000, 0x00000000d6f00000, 0x0000000100000000)
  eden space 14848K, 0% used [0x00000000d5580000,0x00000000d5580000,0x00000000d6400000)
  from space 4096K, 99% used [0x00000000d6900000,0x00000000d6cfc010,0x00000000d6d00000)
  to   space 5120K, 0% used [0x00000000d6400000,0x00000000d6400000,0x00000000d6900000)
 ParOldGen       total 42496K, used 2844K [0x0000000080000000, 0x0000000082980000, 0x00000000d5580000)
  object space 42496K, 6% used [0x0000000080000000,0x00000000802c7340,0x0000000082980000)
 Metaspace       used 10894K, capacity 11140K, committed 11392K, reserved 1058816K
  class space    used 1440K, capacity 1542K, committed 1664K, reserved 1048576K
}
Event: 35.550 GC heap before
{Heap before GC invocations=7 (full 0):
 PSYoungGen      total 18944K, used 18928K [0x00000000d5580000, 0x00000000d6f00000, 0x0000000100000000)
  eden space 14848K, 100% used [0x00000000d5580000,0x00000000d6400000,0x00000000d6400000)
  from space 4096K, 99% used [0x00000000d6900000,0x00000000d6cfc010,0x00000000d6d00000)
  to   space 5120K, 0% used [0x00000000d6400000,0x00000000d6400000,0x00000000d6900000)
 ParOldGen       total 42496K, used 2844K [0x0000000080000000, 0x0000000082980000, 0x00000000d5580000)
  object space 42496K, 6% used [0x0000000080000000,0x00000000802c7340,0x0000000082980000)
 Metaspace       used 12838K, capacity 13252K, committed 13440K, reserved 1060864K
  class space    used 1752K, capacity 1894K, committed 1920K, reserved 1048576K
Event: 35.557 GC heap after
Heap after GC invocations=7 (full 0):
 PSYoungGen      total 19968K, used 3716K [0x00000000d5580000, 0x00000000d6e00000, 0x0000000100000000)
  eden space 14848K, 0% used [0x00000000d5580000,0x00000000d5580000,0x00000000d6400000)
  from space 5120K, 72% used [0x00000000d6400000,0x00000000d67a12c0,0x00000000d6900000)
  to   space 5120K, 0% used [0x00000000d6900000,0x00000000d6900000,0x00000000d6e00000)
 ParOldGen       total 42496K, used 4324K [0x0000000080000000, 0x0000000082980000, 0x00000000d5580000)
  object space 42496K, 10% used [0x0000000080000000,0x0000000080439390,0x0000000082980000)
 Metaspace       used 12838K, capacity 13252K, committed 13440K, reserved 1060864K
  class space    used 1752K, capacity 1894K, committed 1920K, reserved 1048576K
}
Event: 36.675 GC heap before
{Heap before GC invocations=8 (full 0):
 PSYoungGen      total 19968K, used 18564K [0x00000000d5580000, 0x00000000d6e00000, 0x0000000100000000)
  eden space 14848K, 100% used [0x00000000d5580000,0x00000000d6400000,0x00000000d6400000)
  from space 5120K, 72% used [0x00000000d6400000,0x00000000d67a12c0,0x00000000d6900000)
  to   space 5120K, 0% used [0x00000000d6900000,0x00000000d6900000,0x00000000d6e00000)
 ParOldGen       total 42496K, used 4324K [0x0000000080000000, 0x0000000082980000, 0x00000000d5580000)
  object space 42496K, 10% used [0x0000000080000000,0x0000000080439390,0x0000000082980000)
 Metaspace       used 13977K, capacity 14448K, committed 14720K, reserved 1062912K
  class space    used 1922K, capacity 2056K, committed 2176K, reserved 1048576K
Event: 36.682 GC heap after
Heap after GC invocations=8 (full 0):
 PSYoungGen      total 19968K, used 3518K [0x00000000d5580000, 0x00000000d6e00000, 0x0000000100000000)
  eden space 14848K, 0% used [0x00000000d5580000,0x00000000d5580000,0x00000000d6400000)
  from space 5120K, 68% used [0x00000000d6900000,0x00000000d6c6f9a0,0x00000000d6e00000)
  to   space 5120K, 0% used [0x00000000d6400000,0x00000000d6400000,0x00000000d6900000)
 ParOldGen       total 42496K, used 4884K [0x0000000080000000, 0x0000000082980000, 0x00000000d5580000)
  object space 42496K, 11% used [0x0000000080000000,0x00000000804c5390,0x0000000082980000)
 Metaspace       used 13977K, capacity 14448K, committed 14720K, reserved 1062912K
  class space    used 1922K, capacity 2056K, committed 2176K, reserved 1048576K
}
Event: 42.822 GC heap before
{Heap before GC invocations=9 (full 0):
 PSYoungGen      total 19968K, used 18366K [0x00000000d5580000, 0x00000000d6e00000, 0x0000000100000000)
  eden space 14848K, 100% used [0x00000000d5580000,0x00000000d6400000,0x00000000d6400000)
  from space 5120K, 68% used [0x00000000d6900000,0x00000000d6c6f9a0,0x00000000d6e00000)
  to   space 5120K, 0% used [0x00000000d6400000,0x00000000d6400000,0x00000000d6900000)
 ParOldGen       total 42496K, used 4884K [0x0000000080000000, 0x0000000082980000, 0x00000000d5580000)
  object space 42496K, 11% used [0x0000000080000000,0x00000000804c5390,0x0000000082980000)
 Metaspace       used 16277K, capacity 16918K, committed 17280K, reserved 1064960K
  class space    used 2145K, capacity 2345K, committed 2432K, reserved 1048576K
Event: 42.827 GC heap after
Heap after GC invocations=9 (full 0):
 PSYoungGen      total 19968K, used 2948K [0x00000000d5580000, 0x00000000d6e00000, 0x0000000100000000)
  eden space 14848K, 0% used [0x00000000d5580000,0x00000000d5580000,0x00000000d6400000)
  from space 5120K, 57% used [0x00000000d6400000,0x00000000d66e1210,0x00000000d6900000)
  to   space 5120K, 0% used [0x00000000d6900000,0x00000000d6900000,0x00000000d6e00000)
 ParOldGen       total 42496K, used 5924K [0x0000000080000000, 0x0000000082980000, 0x00000000d5580000)
  object space 42496K, 13% used [0x0000000080000000,0x00000000805c93b0,0x0000000082980000)
 Metaspace       used 16277K, capacity 16918K, committed 17280K, reserved 1064960K
  class space    used 2145K, capacity 2345K, committed 2432K, reserved 1048576K
}
Event: 43.934 GC heap before
{Heap before GC invocations=10 (full 0):
 PSYoungGen      total 19968K, used 17796K [0x00000000d5580000, 0x00000000d6e00000, 0x0000000100000000)
  eden space 14848K, 100% used [0x00000000d5580000,0x00000000d6400000,0x00000000d6400000)
  from space 5120K, 57% used [0x00000000d6400000,0x00000000d66e1210,0x00000000d6900000)
  to   space 5120K, 0% used [0x00000000d6900000,0x00000000d6900000,0x00000000d6e00000)
 ParOldGen       total 42496K, used 5924K [0x0000000080000000, 0x0000000082980000, 0x00000000d5580000)
  object space 42496K, 13% used [0x0000000080000000,0x00000000805c93b0,0x0000000082980000)
 Metaspace       used 16916K, capacity 17504K, committed 17664K, reserved 1064960K
  class space    used 2276K, capacity 2476K, committed 2560K, reserved 1048576K
Event: 43.939 GC heap after
Heap after GC invocations=10 (full 0):
 PSYoungGen      total 19968K, used 1568K [0x00000000d5580000, 0x00000000d6e00000, 0x0000000100000000)
  eden space 14848K, 0% used [0x00000000d5580000,0x00000000d5580000,0x00000000d6400000)
  from space 5120K, 30% used [0x00000000d6900000,0x00000000d6a88000,0x00000000d6e00000)
  to   space 5120K, 0% used [0x00000000d6400000,0x00000000d6400000,0x00000000d6900000)
 ParOldGen       total 42496K, used 7143K [0x0000000080000000, 0x0000000082980000, 0x00000000d5580000)
  object space 42496K, 16% used [0x0000000080000000,0x00000000806f9fc0,0x0000000082980000)
 Metaspace       used 16916K, capacity 17504K, committed 17664K, reserved 1064960K
  class space    used 2276K, capacity 2476K, committed 2560K, reserved 1048576K
}

